<?xml version="1.0" encoding="UTF-8"?>
<!-- Generated by org.testng.reporters.JUnitReportReporter -->
<testsuite hostname="GGSTEC9095LAP" failures="0" tests="6" name="ScenariosCases.testCases" time="22.693" errors="0" timestamp="2024-07-27T21:00:39 EEST" skipped="0">
  <testcase classname="ScenariosCases.testCases" name="userLoginSuccess" time="4.496"/>
  <testcase classname="ScenariosCases.testCases" name="addProfilesWithJsutRequiredField" time="4.109"/>
  <testcase classname="ScenariosCases.testCases" name="addUserWithoutData" time="3.055"/>
  <testcase classname="ScenariosCases.testCases" name="userReachProfile" time="5.569"/>
  <testcase classname="ScenariosCases.testCases" name="userReachAddProfiles" time="2.499"/>
  <testcase classname="ScenariosCases.testCases" name="searchOnSpecialUser" time="2.965"/>
</testsuite> <!-- ScenariosCases.testCases -->
